Using pre-set license
Built from '2020.3/staging' branch; Version is '2020.3.17f1 (a4537701e4ab) revision 10769271'; Using compiler version '192528614'; Build Type 'Release'
OS: 'Windows 10 Pro; OS build 19042.1348; Version 2009; 64bit' Language: 'ru' Physical Memory: 8143 MB
BatchMode: 1, IsHumanControllingUs: 0, StartBugReporterOnCrash: 0, Is64bit: 1, IsPro: 0

COMMAND LINE ARGUMENTS:
D:\Programs\Unity\2020.3.17f1\Editor\Unity.exe
-adb2
-batchMode
-noUpm
-name
AssetImportWorker0
-projectPath
D:/Programs/Unity/Project Boost
-logFile
Logs/AssetImportWorker0.log
-srvPort
49957
Successfully changed project path to: D:/Programs/Unity/Project Boost
D:/Programs/Unity/Project Boost
Using Asset Import Pipeline V2.
Refreshing native plugins compatible for Editor in 59.36 ms, found 2 plugins.
Preloading 0 native plugins for Editor in 0.00 ms.
Initialize engine version: 2020.3.17f1 (a4537701e4ab)
[Subsystems] Discovering subsystems at path D:/Programs/Unity/2020.3.17f1/Editor/Data/Resources/UnitySubsystems
[Subsystems] Discovering subsystems at path D:/Programs/Unity/Project Boost/Assets
GfxDevice: creating device client; threaded=0
Direct3D:
    Version:  Direct3D 11.0 [level 11.1]
    Renderer: NVIDIA GeForce GTX 1050 Ti (ID=0x1c82)
    Vendor:   
    VRAM:     4018 MB
    Driver:   27.21.14.6647
Initialize mono
Mono path[0] = 'D:/Programs/Unity/2020.3.17f1/Editor/Data/Managed'
Mono path[1] = 'D:/Programs/Unity/2020.3.17f1/Editor/Data/MonoBleedingEdge/lib/mono/unityjit'
Mono config path = 'D:/Programs/Unity/2020.3.17f1/Editor/Data/MonoBleedingEdge/etc'
Using monoOptions --debugger-agent=transport=dt_socket,embedding=1,server=y,suspend=n,address=127.0.0.1:56888
Begin MonoManager ReloadAssembly
Registering precompiled unity dll's ...
Register platform support module: D:/Programs/Unity/2020.3.17f1/Editor/Data/PlaybackEngines/WebGLSupport/UnityEditor.WebGL.Extensions.dll
Register platform support module: D:/Programs/Unity/2020.3.17f1/Editor/Data/PlaybackEngines/WindowsStandaloneSupport/UnityEditor.WindowsStandalone.Extensions.dll
Registered in 0.003439 seconds.
Native extension for WindowsStandalone target not found
Native extension for WebGL target not found
Refreshing native plugins compatible for Editor in 72.54 ms, found 2 plugins.
Preloading 0 native plugins for Editor in 0.00 ms.
Mono: successfully reloaded assembly
- Completed reload, in  1.908 seconds
Domain Reload Profiling:
	ReloadAssembly (1908ms)
		BeginReloadAssembly (162ms)
			ExecutionOrderSort (0ms)
			DisableScriptedObjects (0ms)
			BackupInstance (0ms)
			ReleaseScriptingObjects (0ms)
			CreateAndSetChildDomain (1ms)
		EndReloadAssembly (820ms)
			LoadAssemblies (164ms)
			RebuildTransferFunctionScriptingTraits (0ms)
			SetupTypeCache (321ms)
			ReleaseScriptCaches (0ms)
			RebuildScriptCaches (42ms)
			SetupLoadedEditorAssemblies (322ms)
				LogAssemblyErrors (0ms)
				InitializePlatformSupportModulesInManaged (43ms)
				SetLoadedEditorAssemblies (0ms)
				RefreshPlugins (73ms)
				BeforeProcessingInitializeOnLoad (31ms)
				ProcessInitializeOnLoadAttributes (132ms)
				ProcessInitializeOnLoadMethodAttributes (43ms)
				AfterProcessingInitializeOnLoad (0ms)
				EditorAssembliesLoaded (0ms)
			ExecutionOrderSort2 (0ms)
			AwakeInstancesAfterBackupRestoration (0ms)
Platform modules already initialized, skipping
Registering precompiled user dll's ...
Registered in 0.003162 seconds.
Begin MonoManager ReloadAssembly
Native extension for WindowsStandalone target not found
Native extension for WebGL target not found
Refreshing native plugins compatible for Editor in 3.69 ms, found 2 plugins.
Preloading 0 native plugins for Editor in 0.00 ms.
Mono: successfully reloaded assembly
- Completed reload, in  2.644 seconds
Domain Reload Profiling:
	ReloadAssembly (2645ms)
		BeginReloadAssembly (303ms)
			ExecutionOrderSort (0ms)
			DisableScriptedObjects (6ms)
			BackupInstance (0ms)
			ReleaseScriptingObjects (0ms)
			CreateAndSetChildDomain (38ms)
		EndReloadAssembly (2248ms)
			LoadAssemblies (139ms)
			RebuildTransferFunctionScriptingTraits (0ms)
			SetupTypeCache (407ms)
			ReleaseScriptCaches (1ms)
			RebuildScriptCaches (70ms)
			SetupLoadedEditorAssemblies (1355ms)
				LogAssemblyErrors (0ms)
				InitializePlatformSupportModulesInManaged (21ms)
				SetLoadedEditorAssemblies (1ms)
				RefreshPlugins (4ms)
				BeforeProcessingInitializeOnLoad (359ms)
				ProcessInitializeOnLoadAttributes (950ms)
				ProcessInitializeOnLoadMethodAttributes (14ms)
				AfterProcessingInitializeOnLoad (6ms)
				EditorAssembliesLoaded (0ms)
			ExecutionOrderSort2 (0ms)
			AwakeInstancesAfterBackupRestoration (15ms)
Platform modules already initialized, skipping
========================================================================
Worker process is ready to serve import requests
Launched and connected shader compiler UnityShaderCompiler.exe after 0.12 seconds
Refreshing native plugins compatible for Editor in 0.42 ms, found 2 plugins.
Preloading 0 native plugins for Editor in 0.00 ms.
Unloading 1398 Unused Serialized files (Serialized files now loaded: 0)
System memory in use before: 64.9 MB.
System memory in use after: 65.0 MB.

Unloading 18 unused Assets to reduce memory usage. Loaded Objects now: 1831.
Total: 5.888300 ms (FindLiveObjects: 0.237600 ms CreateObjectMapping: 0.050500 ms MarkObjects: 5.467400 ms  DeleteObjects: 0.130000 ms)

AssetImportParameters requested are different than current active one (requested -> active):
  custom:framework-win-MediaFoundation: 216162199b28c13a410421893ffa2e32 -> 
  custom:video-decoder-ogg-theora: a1e56fd34408186e4bbccfd4996cb3dc -> 
  custom:container-muxer-webm: aa71ff27fc2769a1b78a27578f13a17b -> 
  custom:container-demuxer-webm: 4f35f7cbe854078d1ac9338744f61a02 -> 
  custom:container-demuxer-ogg: 62fdf1f143b41e24485cea50d1cbac27 -> 
  custom:video-encoder-webm-vp8: eb34c28f22e8b96e1ab97ce403110664 -> 
  custom:video-decoder-webm-vp8: 9c59270c3fd7afecdb556c50c9e8de78 -> 
  custom:audio-decoder-ogg-vorbis: bf7c407c2cedff20999df2af8eb42d56 -> 
  custom:audio-encoder-webm-vorbis: bf7c407c2cedff20999df2af8eb42d56 -> 
========================================================================
Received Import Request.
  path: Assets/Rocket.cs
  artifactKey: Guid(851c428bc7e698c4ba8993326720db6a) Importer(815301076,1909f56bfc062723c751e8b465ee728b)
Start importing Assets/Rocket.cs using Guid(851c428bc7e698c4ba8993326720db6a) Importer(815301076,1909f56bfc062723c751e8b465ee728b)  -> (artifact id: 'e861c1298369bf1ab6101c4063ac9f45') in 0.235696 seconds 
  Import took 0.239111 seconds .

========================================================================
Received Import Request.
  Time since last request: 1310.189693 seconds.
  path: Assets/Scenes/SampleScene.unity
  artifactKey: Guid(9fc0d4010bbf28b4594072e72b8655ab) Importer(815301076,1909f56bfc062723c751e8b465ee728b)
Start importing Assets/Scenes/SampleScene.unity using Guid(9fc0d4010bbf28b4594072e72b8655ab) Importer(815301076,1909f56bfc062723c751e8b465ee728b)  -> (artifact id: '6dd260943ed0249e90c70ae515861974') in 0.024182 seconds 
  Import took 0.027522 seconds .

========================================================================
Received Import Request.
  Time since last request: 7.518177 seconds.
  path: Assets/Scenes/Lvl 1.unity
  artifactKey: Guid(9fc0d4010bbf28b4594072e72b8655ab) Importer(815301076,1909f56bfc062723c751e8b465ee728b)
Start importing Assets/Scenes/Lvl 1.unity using Guid(9fc0d4010bbf28b4594072e72b8655ab) Importer(815301076,1909f56bfc062723c751e8b465ee728b)  -> (artifact id: 'fff235f0a513893b854fbd25d298eb71') in 0.012994 seconds 
  Import took 0.015800 seconds .

========================================================================
Received Import Request.
  Time since last request: 8.123515 seconds.
  path: Assets/Scenes/Lvl 2.unity
  artifactKey: Guid(28b66afa68fae9a4c99caebc2624bc66) Importer(815301076,1909f56bfc062723c751e8b465ee728b)
Start importing Assets/Scenes/Lvl 2.unity using Guid(28b66afa68fae9a4c99caebc2624bc66) Importer(815301076,1909f56bfc062723c751e8b465ee728b)  -> (artifact id: 'c9bf2b66291cbd1b74865a46a7051e46') in 0.016815 seconds 
  Import took 0.019618 seconds .

========================================================================
Received Import Request.
  Time since last request: 47.008330 seconds.
  path: Assets/Prefabs
  artifactKey: Guid(b380a3db295406248945ad3883c20328) Importer(815301076,1909f56bfc062723c751e8b465ee728b)
Start importing Assets/Prefabs using Guid(b380a3db295406248945ad3883c20328) Importer(815301076,1909f56bfc062723c751e8b465ee728b)  -> (artifact id: 'f6001096570d2f2248761cd5bdc371e1') in 0.014442 seconds 
  Import took 0.017350 seconds .

========================================================================
Received Import Request.
  Time since last request: 13.162619 seconds.
  path: Assets/Materials
  artifactKey: Guid(c1c19a47181eb344fa414546b6ffcd39) Importer(815301076,1909f56bfc062723c751e8b465ee728b)
Start importing Assets/Materials using Guid(c1c19a47181eb344fa414546b6ffcd39) Importer(815301076,1909f56bfc062723c751e8b465ee728b)  -> (artifact id: '12049e530e65108c79026a47aadc8c02') in 0.013025 seconds 
  Import took 0.017446 seconds .

========================================================================
Received Import Request.
  Time since last request: 0.000946 seconds.
  path: Assets/Materials
  artifactKey: Guid(c1c19a47181eb344fa414546b6ffcd39) Importer(815301076,1909f56bfc062723c751e8b465ee728b)
Start importing Assets/Materials using Guid(c1c19a47181eb344fa414546b6ffcd39) Importer(815301076,1909f56bfc062723c751e8b465ee728b)  -> (artifact id: '12049e530e65108c79026a47aadc8c02') in 0.005578 seconds 
  Import took 0.009614 seconds .

========================================================================
Received Import Request.
  Time since last request: 18.450114 seconds.
  path: Assets/Scripts.cs
  artifactKey: Guid(2c7fbeaff5cf27d4386f8cf4c8af236c) Importer(815301076,1909f56bfc062723c751e8b465ee728b)
Start importing Assets/Scripts.cs using Guid(2c7fbeaff5cf27d4386f8cf4c8af236c) Importer(815301076,1909f56bfc062723c751e8b465ee728b)  -> (artifact id: 'ea2d24bfb1e1dfca9977f18d93d6d142') in 0.015624 seconds 
  Import took 0.018512 seconds .

========================================================================
Received Prepare
Registering precompiled user dll's ...
Registered in 0.123481 seconds.
Begin MonoManager ReloadAssembly
Native extension for WindowsStandalone target not found
Native extension for WebGL target not found
Refreshing native plugins compatible for Editor in 0.43 ms, found 2 plugins.
Preloading 0 native plugins for Editor in 0.00 ms.
Mono: successfully reloaded assembly
- Completed reload, in  1.545 seconds
Domain Reload Profiling:
	ReloadAssembly (1545ms)
		BeginReloadAssembly (142ms)
			ExecutionOrderSort (0ms)
			DisableScriptedObjects (10ms)
			BackupInstance (0ms)
			ReleaseScriptingObjects (0ms)
			CreateAndSetChildDomain (42ms)
		EndReloadAssembly (1314ms)
			LoadAssemblies (116ms)
			RebuildTransferFunctionScriptingTraits (0ms)
			SetupTypeCache (370ms)
			ReleaseScriptCaches (1ms)
			RebuildScriptCaches (51ms)
			SetupLoadedEditorAssemblies (648ms)
				LogAssemblyErrors (0ms)
				InitializePlatformSupportModulesInManaged (8ms)
				SetLoadedEditorAssemblies (1ms)
				RefreshPlugins (1ms)
				BeforeProcessingInitializeOnLoad (105ms)
				ProcessInitializeOnLoadAttributes (526ms)
				ProcessInitializeOnLoadMethodAttributes (5ms)
				AfterProcessingInitializeOnLoad (3ms)
				EditorAssembliesLoaded (0ms)
			ExecutionOrderSort2 (0ms)
			AwakeInstancesAfterBackupRestoration (9ms)
Platform modules already initialized, skipping
Refreshing native plugins compatible for Editor in 0.43 ms, found 2 plugins.
Preloading 0 native plugins for Editor in 0.00 ms.
Unloading 1393 Unused Serialized files (Serialized files now loaded: 0)
System memory in use before: 64.8 MB.
System memory in use after: 64.9 MB.

Unloading 13 unused Assets to reduce memory usage. Loaded Objects now: 1834.
Total: 4.030300 ms (FindLiveObjects: 0.203600 ms CreateObjectMapping: 0.048400 ms MarkObjects: 3.750200 ms  DeleteObjects: 0.026100 ms)

AssetImportParameters requested are different than current active one (requested -> active):
  custom:framework-win-MediaFoundation: 216162199b28c13a410421893ffa2e32 -> 
  custom:video-decoder-ogg-theora: a1e56fd34408186e4bbccfd4996cb3dc -> 
  custom:container-muxer-webm: aa71ff27fc2769a1b78a27578f13a17b -> 
  custom:container-demuxer-webm: 4f35f7cbe854078d1ac9338744f61a02 -> 
  custom:container-demuxer-ogg: 62fdf1f143b41e24485cea50d1cbac27 -> 
  custom:video-encoder-webm-vp8: eb34c28f22e8b96e1ab97ce403110664 -> 
  custom:video-decoder-webm-vp8: 9c59270c3fd7afecdb556c50c9e8de78 -> 
  custom:audio-decoder-ogg-vorbis: bf7c407c2cedff20999df2af8eb42d56 -> 
  custom:audio-encoder-webm-vorbis: bf7c407c2cedff20999df2af8eb42d56 -> 
========================================================================
Received Prepare
Registering precompiled user dll's ...
Registered in 0.003076 seconds.
Begin MonoManager ReloadAssembly
Native extension for WindowsStandalone target not found
Native extension for WebGL target not found
Refreshing native plugins compatible for Editor in 0.40 ms, found 2 plugins.
Preloading 0 native plugins for Editor in 0.00 ms.
Mono: successfully reloaded assembly
- Completed reload, in  1.315 seconds
Domain Reload Profiling:
	ReloadAssembly (1316ms)
		BeginReloadAssembly (135ms)
			ExecutionOrderSort (0ms)
			DisableScriptedObjects (6ms)
			BackupInstance (0ms)
			ReleaseScriptingObjects (0ms)
			CreateAndSetChildDomain (39ms)
		EndReloadAssembly (1103ms)
			LoadAssemblies (112ms)
			RebuildTransferFunctionScriptingTraits (0ms)
			SetupTypeCache (343ms)
			ReleaseScriptCaches (1ms)
			RebuildScriptCaches (50ms)
			SetupLoadedEditorAssemblies (476ms)
				LogAssemblyErrors (0ms)
				InitializePlatformSupportModulesInManaged (8ms)
				SetLoadedEditorAssemblies (1ms)
				RefreshPlugins (0ms)
				BeforeProcessingInitializeOnLoad (92ms)
				ProcessInitializeOnLoadAttributes (367ms)
				ProcessInitializeOnLoadMethodAttributes (5ms)
				AfterProcessingInitializeOnLoad (3ms)
				EditorAssembliesLoaded (0ms)
			ExecutionOrderSort2 (0ms)
			AwakeInstancesAfterBackupRestoration (10ms)
Platform modules already initialized, skipping
Refreshing native plugins compatible for Editor in 0.41 ms, found 2 plugins.
Preloading 0 native plugins for Editor in 0.00 ms.
Unloading 1393 Unused Serialized files (Serialized files now loaded: 0)
System memory in use before: 64.8 MB.
System memory in use after: 64.9 MB.

Unloading 13 unused Assets to reduce memory usage. Loaded Objects now: 1836.
Total: 4.060900 ms (FindLiveObjects: 0.202500 ms CreateObjectMapping: 0.046300 ms MarkObjects: 3.784100 ms  DeleteObjects: 0.026400 ms)

AssetImportParameters requested are different than current active one (requested -> active):
  custom:framework-win-MediaFoundation: 216162199b28c13a410421893ffa2e32 -> 
  custom:video-decoder-ogg-theora: a1e56fd34408186e4bbccfd4996cb3dc -> 
  custom:container-muxer-webm: aa71ff27fc2769a1b78a27578f13a17b -> 
  custom:container-demuxer-webm: 4f35f7cbe854078d1ac9338744f61a02 -> 
  custom:container-demuxer-ogg: 62fdf1f143b41e24485cea50d1cbac27 -> 
  custom:video-encoder-webm-vp8: eb34c28f22e8b96e1ab97ce403110664 -> 
  custom:video-decoder-webm-vp8: 9c59270c3fd7afecdb556c50c9e8de78 -> 
  custom:audio-decoder-ogg-vorbis: bf7c407c2cedff20999df2af8eb42d56 -> 
  custom:audio-encoder-webm-vorbis: bf7c407c2cedff20999df2af8eb42d56 -> 
========================================================================
Received Import Request.
  Time since last request: 30.380808 seconds.
  path: Assets/SFX
  artifactKey: Guid(cf164754333257b4ca4184a1f2cc2044) Importer(815301076,1909f56bfc062723c751e8b465ee728b)
Start importing Assets/SFX using Guid(cf164754333257b4ca4184a1f2cc2044) Importer(815301076,1909f56bfc062723c751e8b465ee728b)  -> (artifact id: '3e7c36d3234dec9cd6987eeaff9243c8') in 0.018123 seconds 
  Import took 0.021377 seconds .

========================================================================
Received Prepare
Registering precompiled user dll's ...
Registered in 0.003380 seconds.
Begin MonoManager ReloadAssembly
Native extension for WindowsStandalone target not found
Native extension for WebGL target not found
Refreshing native plugins compatible for Editor in 0.43 ms, found 2 plugins.
Preloading 0 native plugins for Editor in 0.00 ms.
Mono: successfully reloaded assembly
- Completed reload, in  1.429 seconds
Domain Reload Profiling:
	ReloadAssembly (1429ms)
		BeginReloadAssembly (136ms)
			ExecutionOrderSort (0ms)
			DisableScriptedObjects (7ms)
			BackupInstance (0ms)
			ReleaseScriptingObjects (0ms)
			CreateAndSetChildDomain (38ms)
		EndReloadAssembly (1198ms)
			LoadAssemblies (123ms)
			RebuildTransferFunctionScriptingTraits (0ms)
			SetupTypeCache (422ms)
			ReleaseScriptCaches (1ms)
			RebuildScriptCaches (51ms)
			SetupLoadedEditorAssemblies (476ms)
				LogAssemblyErrors (0ms)
				InitializePlatformSupportModulesInManaged (9ms)
				SetLoadedEditorAssemblies (1ms)
				RefreshPlugins (1ms)
				BeforeProcessingInitializeOnLoad (94ms)
				ProcessInitializeOnLoadAttributes (364ms)
				ProcessInitializeOnLoadMethodAttributes (5ms)
				AfterProcessingInitializeOnLoad (3ms)
				EditorAssembliesLoaded (0ms)
			ExecutionOrderSort2 (0ms)
			AwakeInstancesAfterBackupRestoration (10ms)
Platform modules already initialized, skipping
Refreshing native plugins compatible for Editor in 0.41 ms, found 2 plugins.
Preloading 0 native plugins for Editor in 0.00 ms.
Unloading 1392 Unused Serialized files (Serialized files now loaded: 0)
System memory in use before: 64.8 MB.
System memory in use after: 64.9 MB.

Unloading 14 unused Assets to reduce memory usage. Loaded Objects now: 1837.
Total: 3.806700 ms (FindLiveObjects: 0.217500 ms CreateObjectMapping: 0.057500 ms MarkObjects: 3.503700 ms  DeleteObjects: 0.026300 ms)

AssetImportParameters requested are different than current active one (requested -> active):
  custom:framework-win-MediaFoundation: 216162199b28c13a410421893ffa2e32 -> 
  custom:video-decoder-ogg-theora: a1e56fd34408186e4bbccfd4996cb3dc -> 
  custom:container-muxer-webm: aa71ff27fc2769a1b78a27578f13a17b -> 
  custom:container-demuxer-webm: 4f35f7cbe854078d1ac9338744f61a02 -> 
  custom:container-demuxer-ogg: 62fdf1f143b41e24485cea50d1cbac27 -> 
  custom:video-encoder-webm-vp8: eb34c28f22e8b96e1ab97ce403110664 -> 
  custom:video-decoder-webm-vp8: 9c59270c3fd7afecdb556c50c9e8de78 -> 
  custom:audio-decoder-ogg-vorbis: bf7c407c2cedff20999df2af8eb42d56 -> 
  custom:audio-encoder-webm-vorbis: bf7c407c2cedff20999df2af8eb42d56 -> 
========================================================================
Received Import Request.
  Time since last request: 29.749780 seconds.
  path: Assets/Prefabs/Terrain.prefab
  artifactKey: Guid(47fe4da0787ed864ea0243c174dd50c1) Importer(815301076,1909f56bfc062723c751e8b465ee728b)
Start importing Assets/Prefabs/Terrain.prefab using Guid(47fe4da0787ed864ea0243c174dd50c1) Importer(815301076,1909f56bfc062723c751e8b465ee728b)  -> (artifact id: '08083a418f5c09cf87aeab742d1bd0da') in 0.137775 seconds 
  Import took 0.141010 seconds .

========================================================================
Received Import Request.
  Time since last request: 27.186337 seconds.
  path: Assets/Prefabs/Directional Light.prefab
  artifactKey: Guid(606170373d83c1b4689f711d440b5fb7) Importer(815301076,1909f56bfc062723c751e8b465ee728b)
Start importing Assets/Prefabs/Directional Light.prefab using Guid(606170373d83c1b4689f711d440b5fb7) Importer(815301076,1909f56bfc062723c751e8b465ee728b)  -> (artifact id: 'd3ee15aed212173caf858df4c3fda920') in 0.014032 seconds 
  Import took 0.017020 seconds .

========================================================================
Received Import Request.
  Time since last request: 0.009263 seconds.
  path: Assets/Prefabs/Directional Light.prefab
  artifactKey: Guid(606170373d83c1b4689f711d440b5fb7) Importer(815301076,1909f56bfc062723c751e8b465ee728b)
Start importing Assets/Prefabs/Directional Light.prefab using Guid(606170373d83c1b4689f711d440b5fb7) Importer(815301076,1909f56bfc062723c751e8b465ee728b)  -> (artifact id: 'd3ee15aed212173caf858df4c3fda920') in 0.006751 seconds 
  Import took 0.010282 seconds .

========================================================================
Received Import Request.
  Time since last request: 1.621722 seconds.
  path: Assets/Prefabs/Main Camera.prefab
  artifactKey: Guid(cfacc819072d0fa459e0424f2a4e71c5) Importer(815301076,1909f56bfc062723c751e8b465ee728b)
Start importing Assets/Prefabs/Main Camera.prefab using Guid(cfacc819072d0fa459e0424f2a4e71c5) Importer(815301076,1909f56bfc062723c751e8b465ee728b)  -> (artifact id: '721edf1e72e8c17d90677bd4cb489566') in 0.012626 seconds 
  Import took 0.015705 seconds .

========================================================================
Received Import Request.
  Time since last request: 0.003568 seconds.
  path: Assets/Prefabs/Main Camera.prefab
  artifactKey: Guid(cfacc819072d0fa459e0424f2a4e71c5) Importer(815301076,1909f56bfc062723c751e8b465ee728b)
Start importing Assets/Prefabs/Main Camera.prefab using Guid(cfacc819072d0fa459e0424f2a4e71c5) Importer(815301076,1909f56bfc062723c751e8b465ee728b)  -> (artifact id: '721edf1e72e8c17d90677bd4cb489566') in 0.006860 seconds 
  Import took 0.010744 seconds .

========================================================================
Received Import Request.
  Time since last request: 1.822211 seconds.
  path: Assets/Prefabs/Background.prefab
  artifactKey: Guid(0bc88938b9cb50d48a319265f40e708d) Importer(815301076,1909f56bfc062723c751e8b465ee728b)
Start importing Assets/Prefabs/Background.prefab using Guid(0bc88938b9cb50d48a319265f40e708d) Importer(815301076,1909f56bfc062723c751e8b465ee728b)  -> (artifact id: '75bb2bcd6624aabe22d79c6d0b8c70de') in 0.020216 seconds 
  Import took 0.023511 seconds .

========================================================================
Received Import Request.
  Time since last request: 0.008306 seconds.
  path: Assets/Prefabs/Background.prefab
  artifactKey: Guid(0bc88938b9cb50d48a319265f40e708d) Importer(815301076,1909f56bfc062723c751e8b465ee728b)
Start importing Assets/Prefabs/Background.prefab using Guid(0bc88938b9cb50d48a319265f40e708d) Importer(815301076,1909f56bfc062723c751e8b465ee728b)  -> (artifact id: '75bb2bcd6624aabe22d79c6d0b8c70de') in 0.017382 seconds 
  Import took 0.021671 seconds .

========================================================================
Received Import Request.
  Time since last request: 4.129969 seconds.
  path: Assets/Prefabs/Danger Pad 1.prefab
  artifactKey: Guid(b03d355641d91ff45a64351d0c12581d) Importer(815301076,1909f56bfc062723c751e8b465ee728b)
Start importing Assets/Prefabs/Danger Pad 1.prefab using Guid(b03d355641d91ff45a64351d0c12581d) Importer(815301076,1909f56bfc062723c751e8b465ee728b)  -> (artifact id: '5d287cb38a24970fcb8b497e2e12eb49') in 0.023672 seconds 
  Import took 0.027435 seconds .

========================================================================
Received Import Request.
  Time since last request: 0.009911 seconds.
  path: Assets/Prefabs/Danger Pad 1.prefab
  artifactKey: Guid(b03d355641d91ff45a64351d0c12581d) Importer(815301076,1909f56bfc062723c751e8b465ee728b)
Start importing Assets/Prefabs/Danger Pad 1.prefab using Guid(b03d355641d91ff45a64351d0c12581d) Importer(815301076,1909f56bfc062723c751e8b465ee728b)  -> (artifact id: '5d287cb38a24970fcb8b497e2e12eb49') in 0.013939 seconds 
  Import took 0.017878 seconds .

========================================================================
Received Import Request.
  Time since last request: 20.765279 seconds.
  path: Assets/Prefabs/Landing Pad 1.prefab
  artifactKey: Guid(0d0878cb8b5fd704988ec14d4787bb00) Importer(815301076,1909f56bfc062723c751e8b465ee728b)
Start importing Assets/Prefabs/Landing Pad 1.prefab using Guid(0d0878cb8b5fd704988ec14d4787bb00) Importer(815301076,1909f56bfc062723c751e8b465ee728b)  -> (artifact id: '50451f41529f110dde3db67c3cb0b317') in 0.022065 seconds 
  Import took 0.025951 seconds .

========================================================================
Received Import Request.
  Time since last request: 0.006389 seconds.
  path: Assets/Prefabs/Landing Pad 1.prefab
  artifactKey: Guid(0d0878cb8b5fd704988ec14d4787bb00) Importer(815301076,1909f56bfc062723c751e8b465ee728b)
Start importing Assets/Prefabs/Landing Pad 1.prefab using Guid(0d0878cb8b5fd704988ec14d4787bb00) Importer(815301076,1909f56bfc062723c751e8b465ee728b)  -> (artifact id: '50451f41529f110dde3db67c3cb0b317') in 0.014254 seconds 
  Import took 0.017288 seconds .

========================================================================
Received Import Request.
  Time since last request: 2.015503 seconds.
  path: Assets/Prefabs/Fuel Pad.prefab
  artifactKey: Guid(7df04862d75960c489bea7a3c8215fb9) Importer(815301076,1909f56bfc062723c751e8b465ee728b)
Start importing Assets/Prefabs/Fuel Pad.prefab using Guid(7df04862d75960c489bea7a3c8215fb9) Importer(815301076,1909f56bfc062723c751e8b465ee728b)  -> (artifact id: 'abd3c163043e1fb57e9626adc4dfb05a') in 0.040920 seconds 
  Import took 0.044422 seconds .

========================================================================
Received Import Request.
  Time since last request: 0.001326 seconds.
  path: Assets/Prefabs/Fuel Pad.prefab
  artifactKey: Guid(7df04862d75960c489bea7a3c8215fb9) Importer(815301076,1909f56bfc062723c751e8b465ee728b)
Start importing Assets/Prefabs/Fuel Pad.prefab using Guid(7df04862d75960c489bea7a3c8215fb9) Importer(815301076,1909f56bfc062723c751e8b465ee728b)  -> (artifact id: 'abd3c163043e1fb57e9626adc4dfb05a') in 0.021205 seconds 
  Import took 0.024548 seconds .

========================================================================
Received Import Request.
  Time since last request: 7.962743 seconds.
  path: Assets/Scenes/Lvl 1.unity
  artifactKey: Guid(9fc0d4010bbf28b4594072e72b8655ab) Importer(815301076,1909f56bfc062723c751e8b465ee728b)
Start importing Assets/Scenes/Lvl 1.unity using Guid(9fc0d4010bbf28b4594072e72b8655ab) Importer(815301076,1909f56bfc062723c751e8b465ee728b)  -> (artifact id: 'df6eb8520fe736656cb5bced27a37d90') in 0.015778 seconds 
  Import took 0.018882 seconds .

========================================================================
Received Import Request.
  Time since last request: 0.847323 seconds.
  path: Assets/Scenes/Lvl 2.unity
  artifactKey: Guid(22d5ba60640f38248969b191b16254a5) Importer(815301076,1909f56bfc062723c751e8b465ee728b)
Start importing Assets/Scenes/Lvl 2.unity using Guid(22d5ba60640f38248969b191b16254a5) Importer(815301076,1909f56bfc062723c751e8b465ee728b)  -> (artifact id: 'bc0018391de95e5aea5de90e00fe1ab2') in 0.004917 seconds 
  Import took 0.007824 seconds .

========================================================================
Received Import Request.
  Time since last request: 569.084568 seconds.
  path: Assets/Scenes/Lvl 2.unity
  artifactKey: Guid(22d5ba60640f38248969b191b16254a5) Importer(815301076,1909f56bfc062723c751e8b465ee728b)
Start importing Assets/Scenes/Lvl 2.unity using Guid(22d5ba60640f38248969b191b16254a5) Importer(815301076,1909f56bfc062723c751e8b465ee728b)  -> (artifact id: '8972ecc1c108fa2761e09132816d6f34') in 0.005869 seconds 
  Import took 0.011490 seconds .

========================================================================
Received Import Request.
  Time since last request: 0.001188 seconds.
  path: Assets/Scenes/Lvl 2.unity
  artifactKey: Guid(22d5ba60640f38248969b191b16254a5) Importer(815301076,1909f56bfc062723c751e8b465ee728b)
Start importing Assets/Scenes/Lvl 2.unity using Guid(22d5ba60640f38248969b191b16254a5) Importer(815301076,1909f56bfc062723c751e8b465ee728b)  -> (artifact id: '8972ecc1c108fa2761e09132816d6f34') in 0.003869 seconds 
  Import took 0.007071 seconds .

AssetImportWorkerClient::OnTransportError - code=2 error=End of file
